[None, None, None] РЎРѕРѕР±С‰РµРЅРёРµ: 
[None, None, None] РЎРѕРѕР±С‰РµРЅРёРµ: 
[None, None, None] РЎРѕРѕР±С‰РµРЅРёРµ: 
[None, None, None] РЎРѕРѕР±С‰РµРЅРёРµ: 
[None, None, None] РЎРѕРѕР±С‰РµРЅРёРµ: 
[None, None, None] РЎРѕРѕР±С‰РµРЅРёРµ: 
[None, None, None] РЎРѕРѕР±С‰РµРЅРёРµ: 
[None, None, None] РЎРѕРѕР±С‰РµРЅРёРµ: 
РЎРѕРѕР±С‰РµРЅРёРµ: 
False
РЎРѕРѕР±С‰РµРЅРёРµ: РЈРґР°СЂ РїРѕ РїРµСЂСЃСѓ25, 17.5
[None, <fight.Fight object at 0x7902c8137bc0>, None] РЎРѕРѕР±С‰РµРЅРёРµ: РЈРґР°СЂ РїРѕ РїРµСЂСЃСѓ25, 17.5
True
РЎРѕРѕР±С‰РµРЅРёРµ: РЈРґР°СЂ РїРѕ РјРѕРЅСЃС‚СЂСѓ5.5, 17.5
False
РЎРѕРѕР±С‰РµРЅРёРµ: РЈРґР°СЂ РїРѕ РїРµСЂСЃСѓ5.5, -5.0
[None, <fight.Fight object at 0x7902c8137bc0>, None] РЎРѕРѕР±С‰РµРЅРёРµ: РЈРґР°СЂ РїРѕ РїРµСЂСЃСѓ5.5, -5.0
True
[None, None] РЎРѕРѕР±С‰РµРЅРёРµ: РџРѕР±РµРґР°-14.0, -5.0
[None, None, None] РЎРѕРѕР±С‰РµРЅРёРµ: 
[None, None, None] РЎРѕРѕР±С‰РµРЅРёРµ: 
[None, None, None] РЎРѕРѕР±С‰РµРЅРёРµ: 
[None, None, None] РЎРѕРѕР±С‰РµРЅРёРµ: 
[None, None, None] РЎРѕРѕР±С‰РµРЅРёРµ: 
[None, None, None] РЎРѕРѕР±С‰РµРЅРёРµ: 
[None, None, None] РЎРѕРѕР±С‰РµРЅРёРµ: 
[None, None, None] РЎРѕРѕР±С‰РµРЅРёРµ: 
[None, None, None] РЎРѕРѕР±С‰РµРЅРёРµ: 
[None, None, None] РЎРѕРѕР±С‰РµРЅРёРµ: 
[None, None, None] РЎРѕРѕР±С‰РµРЅРёРµ: 
[None, None, None] РЎРѕРѕР±С‰РµРЅРёРµ: 
[None, None, None] РЎРѕРѕР±С‰РµРЅРёРµ: 
[None, None, None] РЎРѕРѕР±С‰РµРЅРёРµ: 
[None, None, None] РЎРѕРѕР±С‰РµРЅРёРµ: 
[None, None, None] РЎРѕРѕР±С‰РµРЅРёРµ: 
[None, None, None] РЎРѕРѕР±С‰РµРЅРёРµ: 
[None, None, None] РЎРѕРѕР±С‰РµРЅРёРµ: 
[None, None, None] РЎРѕРѕР±С‰РµРЅРёРµ: 
[None, None, None] РЎРѕРѕР±С‰РµРЅРёРµ: 
[None, None, None] РЎРѕРѕР±С‰РµРЅРёРµ: 
[None, None, None] РЎРѕРѕР±С‰РµРЅРёРµ: 
[None, None, None] РЎРѕРѕР±С‰РµРЅРёРµ: 
True
РЎРѕРѕР±С‰РµРЅРёРµ: 
False
РЎРѕРѕР±С‰РµРЅРёРµ: РЈРґР°СЂ РїРѕ РїРµСЂСЃСѓ5.5, 17.5
[None, <fight.Fight object at 0x7933a144e450>, None] РЎРѕРѕР±С‰РµРЅРёРµ: РЈРґР°СЂ РїРѕ РїРµСЂСЃСѓ5.5, 17.5
True
[None, None] РЎРѕРѕР±С‰РµРЅРёРµ: 
[None, None] РЎРѕРѕР±С‰РµРЅРёРµ: 
[None, None] РЎРѕРѕР±С‰РµРЅРёРµ: 
[None, None] РЎРѕРѕР±С‰РµРЅРёРµ: 
[None, None] РЎРѕРѕР±С‰РµРЅРёРµ: 
[None, None] РЎРѕРѕР±С‰РµРЅРёРµ: 
[None, None] РЎРѕРѕР±С‰РµРЅРёРµ: 
[None, None] РЎРѕРѕР±С‰РµРЅРёРµ: 
[None, None] РЎРѕРѕР±С‰РµРЅРёРµ: 
[None, None] РЎРѕРѕР±С‰РµРЅРёРµ: 
[None, None] РЎРѕРѕР±С‰РµРЅРёРµ: 
[None, None] РЎРѕРѕР±С‰РµРЅРёРµ: 
[None, None] РЎРѕРѕР±С‰РµРЅРёРµ: 
[None, None] РЎРѕРѕР±С‰РµРЅРёРµ: 
True
РЎРѕРѕР±С‰РµРЅРёРµ: 
False
РЎРѕРѕР±С‰РµРЅРёРµ: РЈРґР°СЂ РїРѕ РїРµСЂСЃСѓ5.5, -5.0
[None, <fight.Fight object at 0x7933a13322d0>] РЎРѕРѕР±С‰РµРЅРёРµ: РЈРґР°СЂ РїРѕ РїРµСЂСЃСѓ5.5, -5.0
True
[None] РЎРѕРѕР±С‰РµРЅРёРµ: 
[None, None, None] РЎРѕРѕР±С‰РµРЅРёРµ: 
РЎРѕРѕР±С‰РµРЅРёРµ: 
False
РЎРѕРѕР±С‰РµРЅРёРµ: РЈРґР°СЂ РїРѕ РїРµСЂСЃСѓ150, 17.5
[<fight.Fight object at 0x788497f23230>, None, None] РЎРѕРѕР±С‰РµРЅРёРµ: РЈРґР°СЂ РїРѕ РїРµСЂСЃСѓ150, 17.5
True
РЎРѕРѕР±С‰РµРЅРёРµ: 
False
РЎРѕРѕР±С‰РµРЅРёРµ: РЈРґР°СЂ РїРѕ РїРµСЂСЃСѓ130.5, -5.0
[<fight.Fight object at 0x788497f23230>, None, None] РЎРѕРѕР±С‰РµРЅРёРµ: РЈРґР°СЂ РїРѕ РїРµСЂСЃСѓ130.5, -5.0
True
РЎРѕРѕР±С‰РµРЅРёРµ: 
False
РЎРѕРѕР±С‰РµРЅРёРµ: РЈРґР°СЂ РїРѕ РїРµСЂСЃСѓ111.0, -27.5
[<fight.Fight object at 0x788497f23230>, None, None] РЎРѕРѕР±С‰РµРЅРёРµ: РЈРґР°СЂ РїРѕ РїРµСЂСЃСѓ111.0, -27.5
True
РЎРѕРѕР±С‰РµРЅРёРµ: 
False
РЎРѕРѕР±С‰РµРЅРёРµ: РЈРґР°СЂ РїРѕ РїРµСЂСЃСѓ91.5, -50.0
[<fight.Fight object at 0x788497f23230>, None, None] РЎРѕРѕР±С‰РµРЅРёРµ: РЈРґР°СЂ РїРѕ РїРµСЂСЃСѓ91.5, -50.0
True
РЎРѕРѕР±С‰РµРЅРёРµ: 
False
РЎРѕРѕР±С‰РµРЅРёРµ: РЈРґР°СЂ РїРѕ РїРµСЂСЃСѓ72.0, -72.5
[<fight.Fight object at 0x788497f23230>, None, None] РЎРѕРѕР±С‰РµРЅРёРµ: РЈРґР°СЂ РїРѕ РїРµСЂСЃСѓ72.0, -72.5
True
РЎРѕРѕР±С‰РµРЅРёРµ: 
False
РЎРѕРѕР±С‰РµРЅРёРµ: РЈРґР°СЂ РїРѕ РїРµСЂСЃСѓ52.5, -95.0
[<fight.Fight object at 0x788497f23230>, None, None] РЎРѕРѕР±С‰РµРЅРёРµ: РЈРґР°СЂ РїРѕ РїРµСЂСЃСѓ52.5, -95.0
True
РЎРѕРѕР±С‰РµРЅРёРµ: 
False
РЎРѕРѕР±С‰РµРЅРёРµ: РЈРґР°СЂ РїРѕ РїРµСЂСЃСѓ33.0, -117.5
[<fight.Fight object at 0x788497f23230>, None, None] РЎРѕРѕР±С‰РµРЅРёРµ: РЈРґР°СЂ РїРѕ РїРµСЂСЃСѓ33.0, -117.5
True
РЎРѕРѕР±С‰РµРЅРёРµ: 
False
РЎРѕРѕР±С‰РµРЅРёРµ: РЈРґР°СЂ РїРѕ РїРµСЂСЃСѓ13.5, -140.0
[<fight.Fight object at 0x788497f23230>, None, None] РЎРѕРѕР±С‰РµРЅРёРµ: РЈРґР°СЂ РїРѕ РїРµСЂСЃСѓ13.5, -140.0
True
[None, None] РЎРѕРѕР±С‰РµРЅРёРµ: 
[None, None] РЎРѕРѕР±С‰РµРЅРёРµ: 
[None, None] РЎРѕРѕР±С‰РµРЅРёРµ: 
[None, None] РЎРѕРѕР±С‰РµРЅРёРµ: 
[None, None] РЎРѕРѕР±С‰РµРЅРёРµ: 
[None, None] РЎРѕРѕР±С‰РµРЅРёРµ: 
[None, None] РЎРѕРѕР±С‰РµРЅРёРµ: 
[None, None] РЎРѕРѕР±С‰РµРЅРёРµ: 
[None, None] РЎРѕРѕР±С‰РµРЅРёРµ: 
[None, None] РЎРѕРѕР±С‰РµРЅРёРµ: 
[None, None] РЎРѕРѕР±С‰РµРЅРёРµ: 
[None, None] РЎРѕРѕР±С‰РµРЅРёРµ: 
[None, None] РЎРѕРѕР±С‰РµРЅРёРµ: 
[None, None] РЎРѕРѕР±С‰РµРЅРёРµ: 
[None, None] РЎРѕРѕР±С‰РµРЅРёРµ: 
[None, None] РЎРѕРѕР±С‰РµРЅРёРµ: 
[None, None] РЎРѕРѕР±С‰РµРЅРёРµ: 
[None, None] РЎРѕРѕР±С‰РµРЅРёРµ: 
[None, None] РЎРѕРѕР±С‰РµРЅРёРµ: 
[None, None] РЎРѕРѕР±С‰РµРЅРёРµ: 
[None, None] РЎРѕРѕР±С‰РµРЅРёРµ: 
[None, None] РЎРѕРѕР±С‰РµРЅРёРµ: 
[None, None] РЎРѕРѕР±С‰РµРЅРёРµ: 
[None, None] РЎРѕРѕР±С‰РµРЅРёРµ: 
[None, None] РЎРѕРѕР±С‰РµРЅРёРµ: 
[None, None] РЎРѕРѕР±С‰РµРЅРёРµ: 
[None, None] РЎРѕРѕР±С‰РµРЅРёРµ: 
[None, None] РЎРѕРѕР±С‰РµРЅРёРµ: 
[None, None] РЎРѕРѕР±С‰РµРЅРёРµ: 
[None, None] РЎРѕРѕР±С‰РµРЅРёРµ: 
[None, None] РЎРѕРѕР±С‰РµРЅРёРµ: 
[None, None] РЎРѕРѕР±С‰РµРЅРёРµ: 
[None, None] РЎРѕРѕР±С‰РµРЅРёРµ: 
[None, None] РЎРѕРѕР±С‰РµРЅРёРµ: 
[None, None] РЎРѕРѕР±С‰РµРЅРёРµ: 
[None, None] РЎРѕРѕР±С‰РµРЅРёРµ: 
[None, None] РЎРѕРѕР±С‰РµРЅРёРµ: 
[None, None] РЎРѕРѕР±С‰РµРЅРёРµ: 
[None, None] РЎРѕРѕР±С‰РµРЅРёРµ: 
[None, None] РЎРѕРѕР±С‰РµРЅРёРµ: 
[None, None] РЎРѕРѕР±С‰РµРЅРёРµ: 
[None, None] РЎРѕРѕР±С‰РµРЅРёРµ: 
[None, None] РЎРѕРѕР±С‰РµРЅРёРµ: 
[None, None] РЎРѕРѕР±С‰РµРЅРёРµ: 
[None, None] РЎРѕРѕР±С‰РµРЅРёРµ: 
[None, None] РЎРѕРѕР±С‰РµРЅРёРµ: 
[None, None] РЎРѕРѕР±С‰РµРЅРёРµ: 
[None, None] РЎРѕРѕР±С‰РµРЅРёРµ: 
[None, None] РЎРѕРѕР±С‰РµРЅРёРµ: 
[None, None] РЎРѕРѕР±С‰РµРЅРёРµ: 
[None, None] РЎРѕРѕР±С‰РµРЅРёРµ: 
[None, None] РЎРѕРѕР±С‰РµРЅРёРµ: 
[None, None] РЎРѕРѕР±С‰РµРЅРёРµ: 
[None, None] РЎРѕРѕР±С‰РµРЅРёРµ: 
[None, None] РЎРѕРѕР±С‰РµРЅРёРµ: 
[None, None] РЎРѕРѕР±С‰РµРЅРёРµ: 
[None, None] РЎРѕРѕР±С‰РµРЅРёРµ: 
[None, None] РЎРѕРѕР±С‰РµРЅРёРµ: 
[None, None] РЎРѕРѕР±С‰РµРЅРёРµ: 
РЎРѕРѕР±С‰РµРЅРёРµ: 
False
РЎРѕРѕР±С‰РµРЅРёРµ: РЈРґР°СЂ РїРѕ РїРµСЂСЃСѓ150, 17.5
[<fight.Fight object at 0x788497fffc80>, None] РЎРѕРѕР±С‰РµРЅРёРµ: РЈРґР°СЂ РїРѕ РїРµСЂСЃСѓ150, 17.5
РЎРѕРѕР±С‰РµРЅРёРµ: 
True
РЎРѕРѕР±С‰РµРЅРёРµ: РЈРґР°СЂ РїРѕ РјРѕРЅСЃС‚СЂСѓ130.5, 17.5
[<fight.Fight object at 0x788497fffc80>, None] РЎРѕРѕР±С‰РµРЅРёРµ: РЈРґР°СЂ РїРѕ РјРѕРЅСЃС‚СЂСѓ130.5, 17.5
True
РЎРѕРѕР±С‰РµРЅРёРµ: 
False
РЎРѕРѕР±С‰РµРЅРёРµ: РЈРґР°СЂ РїРѕ РїРµСЂСЃСѓ111.0, -5.0
[<fight.Fight object at 0x788497fffc80>, None] РЎРѕРѕР±С‰РµРЅРёРµ: РЈРґР°СЂ РїРѕ РїРµСЂСЃСѓ111.0, -5.0
True
РЎРѕРѕР±С‰РµРЅРёРµ: 
False
РЎРѕРѕР±С‰РµРЅРёРµ: РЈРґР°СЂ РїРѕ РїРµСЂСЃСѓ91.5, -27.5
[<fight.Fight object at 0x788497fffc80>, None] РЎРѕРѕР±С‰РµРЅРёРµ: РЈРґР°СЂ РїРѕ РїРµСЂСЃСѓ91.5, -27.5
True
РЎРѕРѕР±С‰РµРЅРёРµ: 
False
РЎРѕРѕР±С‰РµРЅРёРµ: РЈРґР°СЂ РїРѕ РїРµСЂСЃСѓ72.0, -50.0
РЎРѕРѕР±С‰РµРЅРёРµ: РЈРґР°СЂ РїРѕ РїРµСЂСЃСѓ72.0, -50.0
False
РЎРѕРѕР±С‰РµРЅРёРµ: РЈРґР°СЂ РїРѕ РїРµСЂСЃСѓ25, -72.5
[<fight.Fight object at 0x788497fffc80>, <fight.Fight object at 0x788497ffff50>] РЎРѕРѕР±С‰РµРЅРёРµ: РЈРґР°СЂ РїРѕ РїРµСЂСЃСѓ25, -72.5
True
РЎРѕРѕР±С‰РµРЅРёРµ: 
False
РЎРѕРѕР±С‰РµРЅРёРµ: РЈРґР°СЂ РїРѕ РїРµСЂСЃСѓ52.5, -95.0
РЎРѕРѕР±С‰РµРЅРёРµ: РЈРґР°СЂ РїРѕ РїРµСЂСЃСѓ52.5, -95.0
True
РЎРѕРѕР±С‰РµРЅРёРµ: РЈРґР°СЂ РїРѕ РјРѕРЅСЃС‚СЂСѓ5.5, -95.0
[<fight.Fight object at 0x788497fffc80>, <fight.Fight object at 0x788497ffff50>] РЎРѕРѕР±С‰РµРЅРёРµ: РЈРґР°СЂ РїРѕ РјРѕРЅСЃС‚СЂСѓ5.5, -95.0
РЎРѕРѕР±С‰РµРЅРёРµ: 
True
РЎРѕРѕР±С‰РµРЅРёРµ: РЈРґР°СЂ РїРѕ РјРѕРЅСЃС‚СЂСѓ33.0, -95.0
True
[<fight.Fight object at 0x788497fffc80>] РЎРѕРѕР±С‰РµРЅРёРµ: РЈРґР°СЂ РїРѕ РјРѕРЅСЃС‚СЂСѓ33.0, -95.0
True
РЎРѕРѕР±С‰РµРЅРёРµ: 
False
РЎРѕРѕР±С‰РµРЅРёРµ: РЈРґР°СЂ РїРѕ РїРµСЂСЃСѓ13.5, 17.5
[<fight.Fight object at 0x788497fffc80>] РЎРѕРѕР±С‰РµРЅРёРµ: РЈРґР°СЂ РїРѕ РїРµСЂСЃСѓ13.5, 17.5
True
[] РЎРѕРѕР±С‰РµРЅРёРµ: 
[] РЎРѕРѕР±С‰РµРЅРёРµ: 
[None, None, None] РЎРѕРѕР±С‰РµРЅРёРµ: 
[None, None, None] РЎРѕРѕР±С‰РµРЅРёРµ: 
[None, None, None] РЎРѕРѕР±С‰РµРЅРёРµ: 
[None, None, None] РЎРѕРѕР±С‰РµРЅРёРµ: 
[None, None, None] РЎРѕРѕР±С‰РµРЅРёРµ: 
[None, None, None] РЎРѕРѕР±С‰РµРЅРёРµ: 
[None, None, None] РЎРѕРѕР±С‰РµРЅРёРµ: 
[None, None, None] РЎРѕРѕР±С‰РµРЅРёРµ: 
[None, None, None] РЎРѕРѕР±С‰РµРЅРёРµ: 
[None, None, None] РЎРѕРѕР±С‰РµРЅРёРµ: 
[None, None, None] РЎРѕРѕР±С‰РµРЅРёРµ: 
[None, None, None] РЎРѕРѕР±С‰РµРЅРёРµ: 
[None, None, None] РЎРѕРѕР±С‰РµРЅРёРµ: 
[None, None, None] РЎРѕРѕР±С‰РµРЅРёРµ: 
[None, None, None] РЎРѕРѕР±С‰РµРЅРёРµ: 
[None, None, None] РЎРѕРѕР±С‰РµРЅРёРµ: 
[None, None, None] РЎРѕРѕР±С‰РµРЅРёРµ: 
[None, None, None] РЎРѕРѕР±С‰РµРЅРёРµ: 
[None, None, None] РЎРѕРѕР±С‰РµРЅРёРµ: 
[None, None, None] РЎРѕРѕР±С‰РµРЅРёРµ: 
[None, None, None] РЎРѕРѕР±С‰РµРЅРёРµ: 
[None, None, None] РЎРѕРѕР±С‰РµРЅРёРµ: 
[None, None, None] РЎРѕРѕР±С‰РµРЅРёРµ: 
РЎРѕРѕР±С‰РµРЅРёРµ: 
False
РЎРѕРѕР±С‰РµРЅРёРµ: РЈРґР°СЂ РїРѕ РїРµСЂСЃСѓ150, 17.5
[None, None, <fight.Fight object at 0x7e2a049da810>] РЎРѕРѕР±С‰РµРЅРёРµ: РЈРґР°СЂ РїРѕ РїРµСЂСЃСѓ150, 17.5
РЎРѕРѕР±С‰РµРЅРёРµ: 
True
РЎРѕРѕР±С‰РµРЅРёРµ: РЈРґР°СЂ РїРѕ РјРѕРЅСЃС‚СЂСѓ130.5, 17.5
[None, None, <fight.Fight object at 0x7e2a049da810>] РЎРѕРѕР±С‰РµРЅРёРµ: РЈРґР°СЂ РїРѕ РјРѕРЅСЃС‚СЂСѓ130.5, 17.5
True
РЎРѕРѕР±С‰РµРЅРёРµ: 
False
РЎРѕРѕР±С‰РµРЅРёРµ: РЈРґР°СЂ РїРѕ РїРµСЂСЃСѓ111.0, -5.0
[None, None, <fight.Fight object at 0x7e2a049da810>] РЎРѕРѕР±С‰РµРЅРёРµ: РЈРґР°СЂ РїРѕ РїРµСЂСЃСѓ111.0, -5.0
True
РЎРѕРѕР±С‰РµРЅРёРµ: 
False
РЎРѕРѕР±С‰РµРЅРёРµ: РЈРґР°СЂ РїРѕ РїРµСЂСЃСѓ91.5, -27.5
[None, None, <fight.Fight object at 0x7e2a049da810>] РЎРѕРѕР±С‰РµРЅРёРµ: РЈРґР°СЂ РїРѕ РїРµСЂСЃСѓ91.5, -27.5
True
РЎРѕРѕР±С‰РµРЅРёРµ: 
False
РЎРѕРѕР±С‰РµРЅРёРµ: РЈРґР°СЂ РїРѕ РїРµСЂСЃСѓ72.0, -50.0
[None, None, <fight.Fight object at 0x7e2a049da810>] РЎРѕРѕР±С‰РµРЅРёРµ: РЈРґР°СЂ РїРѕ РїРµСЂСЃСѓ72.0, -50.0
True
РЎРѕРѕР±С‰РµРЅРёРµ: 
False
РЎРѕРѕР±С‰РµРЅРёРµ: РЈРґР°СЂ РїРѕ РїРµСЂСЃСѓ52.5, -72.5
[None, None, <fight.Fight object at 0x7e2a049da810>] РЎРѕРѕР±С‰РµРЅРёРµ: РЈРґР°СЂ РїРѕ РїРµСЂСЃСѓ52.5, -72.5
True
РЎРѕРѕР±С‰РµРЅРёРµ: 
False
РЎРѕРѕР±С‰РµРЅРёРµ: РЈРґР°СЂ РїРѕ РїРµСЂСЃСѓ33.0, -95.0
[None, None, <fight.Fight object at 0x7e2a049da810>] РЎРѕРѕР±С‰РµРЅРёРµ: РЈРґР°СЂ РїРѕ РїРµСЂСЃСѓ33.0, -95.0
True
РЎРѕРѕР±С‰РµРЅРёРµ: 
False
РЎРѕРѕР±С‰РµРЅРёРµ: РЈРґР°СЂ РїРѕ РїРµСЂСЃСѓ13.5, -117.5
[None, None, <fight.Fight object at 0x7e2a049da810>] РЎРѕРѕР±С‰РµРЅРёРµ: РЈРґР°СЂ РїРѕ РїРµСЂСЃСѓ13.5, -117.5
True
[None, None] РЎРѕРѕР±С‰РµРЅРёРµ: 
[None, None] РЎРѕРѕР±С‰РµРЅРёРµ: 
[None, None] РЎРѕРѕР±С‰РµРЅРёРµ: 
[None, None] РЎРѕРѕР±С‰РµРЅРёРµ: 
[None, None] РЎРѕРѕР±С‰РµРЅРёРµ: 
[None, None] РЎРѕРѕР±С‰РµРЅРёРµ: 
РЎРѕРѕР±С‰РµРЅРёРµ: 
False
РЎРѕРѕР±С‰РµРЅРёРµ: РЈРґР°СЂ РїРѕ РїРµСЂСЃСѓ25, 17.5
[<fight.Fight object at 0x7e2a04d8fd40>, None] РЎРѕРѕР±С‰РµРЅРёРµ: РЈРґР°СЂ РїРѕ РїРµСЂСЃСѓ25, 17.5
True
РЎРѕРѕР±С‰РµРЅРёРµ: 
False
РЎРѕРѕР±С‰РµРЅРёРµ: РЈРґР°СЂ РїРѕ РїРµСЂСЃСѓ5.5, -5.0
[<fight.Fight object at 0x7e2a04d8fd40>, None] РЎРѕРѕР±С‰РµРЅРёРµ: РЈРґР°СЂ РїРѕ РїРµСЂСЃСѓ5.5, -5.0
True
[None] РЎРѕРѕР±С‰РµРЅРёРµ: 
[None] РЎРѕРѕР±С‰РµРЅРёРµ: 
[None] РЎРѕРѕР±С‰РµРЅРёРµ: 
[None] РЎРѕРѕР±С‰РµРЅРёРµ: 
[None] РЎРѕРѕР±С‰РµРЅРёРµ: 
[None] РЎРѕРѕР±С‰РµРЅРёРµ: 
[None] РЎРѕРѕР±С‰РµРЅРёРµ: 
[None] РЎРѕРѕР±С‰РµРЅРёРµ: 
[None] РЎРѕРѕР±С‰РµРЅРёРµ: 
[None] РЎРѕРѕР±С‰РµРЅРёРµ: 
[None] РЎРѕРѕР±С‰РµРЅРёРµ: 
[None] РЎРѕРѕР±С‰РµРЅРёРµ: 
[None] РЎРѕРѕР±С‰РµРЅРёРµ: 
[None] РЎРѕРѕР±С‰РµРЅРёРµ: 
[None] РЎРѕРѕР±С‰РµРЅРёРµ: 
[None] РЎРѕРѕР±С‰РµРЅРёРµ: 
[None] РЎРѕРѕР±С‰РµРЅРёРµ: 
[None] РЎРѕРѕР±С‰РµРЅРёРµ: 
[None] РЎРѕРѕР±С‰РµРЅРёРµ: 
[None] РЎРѕРѕР±С‰РµРЅРёРµ: 
[None] РЎРѕРѕР±С‰РµРЅРёРµ: 
[None] РЎРѕРѕР±С‰РµРЅРёРµ: 
[None] РЎРѕРѕР±С‰РµРЅРёРµ: 
[None] РЎРѕРѕР±С‰РµРЅРёРµ: 
[None] РЎРѕРѕР±С‰РµРЅРёРµ: 
[None] РЎРѕРѕР±С‰РµРЅРёРµ: 
[None] РЎРѕРѕР±С‰РµРЅРёРµ: 
[None] РЎРѕРѕР±С‰РµРЅРёРµ: 
[None] РЎРѕРѕР±С‰РµРЅРёРµ: 
[None] РЎРѕРѕР±С‰РµРЅРёРµ: 
[None] РЎРѕРѕР±С‰РµРЅРёРµ: 
[None] РЎРѕРѕР±С‰РµРЅРёРµ: 
[None] РЎРѕРѕР±С‰РµРЅРёРµ: 
[None] РЎРѕРѕР±С‰РµРЅРёРµ: 
[None] РЎРѕРѕР±С‰РµРЅРёРµ: 
[None] РЎРѕРѕР±С‰РµРЅРёРµ: 
[None] РЎРѕРѕР±С‰РµРЅРёРµ: 
[None] РЎРѕРѕР±С‰РµРЅРёРµ: 
[None] РЎРѕРѕР±С‰РµРЅРёРµ: 
[None] РЎРѕРѕР±С‰РµРЅРёРµ: 
[None] РЎРѕРѕР±С‰РµРЅРёРµ: 
[None] РЎРѕРѕР±С‰РµРЅРёРµ: 
[None] РЎРѕРѕР±С‰РµРЅРёРµ: 
[None] РЎРѕРѕР±С‰РµРЅРёРµ: 
[None] РЎРѕРѕР±С‰РµРЅРёРµ: 
[None] РЎРѕРѕР±С‰РµРЅРёРµ: 
[None] РЎРѕРѕР±С‰РµРЅРёРµ: 
[None] РЎРѕРѕР±С‰РµРЅРёРµ: 
[None] РЎРѕРѕР±С‰РµРЅРёРµ: 
[None] РЎРѕРѕР±С‰РµРЅРёРµ: 
[None] РЎРѕРѕР±С‰РµРЅРёРµ: 
[None] РЎРѕРѕР±С‰РµРЅРёРµ: 
[None] РЎРѕРѕР±С‰РµРЅРёРµ: 
[None] РЎРѕРѕР±С‰РµРЅРёРµ: 
[None] РЎРѕРѕР±С‰РµРЅРёРµ: 
[None] РЎРѕРѕР±С‰РµРЅРёРµ: 
[None] РЎРѕРѕР±С‰РµРЅРёРµ: 
[None] РЎРѕРѕР±С‰РµРЅРёРµ: 
[None] РЎРѕРѕР±С‰РµРЅРёРµ: 
[None] РЎРѕРѕР±С‰РµРЅРёРµ: 
[None] РЎРѕРѕР±С‰РµРЅРёРµ: 
[None] РЎРѕРѕР±С‰РµРЅРёРµ: 
[None] РЎРѕРѕР±С‰РµРЅРёРµ: 
[None] РЎРѕРѕР±С‰РµРЅРёРµ: 
[None] РЎРѕРѕР±С‰РµРЅРёРµ: 
[None] РЎРѕРѕР±С‰РµРЅРёРµ: 
[None] РЎРѕРѕР±С‰РµРЅРёРµ: 
[None] РЎРѕРѕР±С‰РµРЅРёРµ: 
[None] РЎРѕРѕР±С‰РµРЅРёРµ: 
[None] РЎРѕРѕР±С‰РµРЅРёРµ: 
[None] РЎРѕРѕР±С‰РµРЅРёРµ: 
[None] РЎРѕРѕР±С‰РµРЅРёРµ: 
[None] РЎРѕРѕР±С‰РµРЅРёРµ: 
[None] РЎРѕРѕР±С‰РµРЅРёРµ: 
[None] РЎРѕРѕР±С‰РµРЅРёРµ: 
[None] РЎРѕРѕР±С‰РµРЅРёРµ: 
[None] РЎРѕРѕР±С‰РµРЅРёРµ: 
[None] РЎРѕРѕР±С‰РµРЅРёРµ: 
[None] РЎРѕРѕР±С‰РµРЅРёРµ: 
[None] РЎРѕРѕР±С‰РµРЅРёРµ: 
[None] РЎРѕРѕР±С‰РµРЅРёРµ: 
[None] РЎРѕРѕР±С‰РµРЅРёРµ: 
[None] РЎРѕРѕР±С‰РµРЅРёРµ: 
[None] РЎРѕРѕР±С‰РµРЅРёРµ: 
[None] РЎРѕРѕР±С‰РµРЅРёРµ: 
[None] РЎРѕРѕР±С‰РµРЅРёРµ: 
[None] РЎРѕРѕР±С‰РµРЅРёРµ: 
[None] РЎРѕРѕР±С‰РµРЅРёРµ: 
[None] РЎРѕРѕР±С‰РµРЅРёРµ: 
[None] РЎРѕРѕР±С‰РµРЅРёРµ: 
[None] РЎРѕРѕР±С‰РµРЅРёРµ: 
[None] РЎРѕРѕР±С‰РµРЅРёРµ: 
[None] РЎРѕРѕР±С‰РµРЅРёРµ: 
[None] РЎРѕРѕР±С‰РµРЅРёРµ: 
[None] РЎРѕРѕР±С‰РµРЅРёРµ: 
[None] РЎРѕРѕР±С‰РµРЅРёРµ: 
[None] РЎРѕРѕР±С‰РµРЅРёРµ: 
[None] РЎРѕРѕР±С‰РµРЅРёРµ: 
[None] РЎРѕРѕР±С‰РµРЅРёРµ: 
[None] РЎРѕРѕР±С‰РµРЅРёРµ: 
[None] РЎРѕРѕР±С‰РµРЅРёРµ: 
[None] РЎРѕРѕР±С‰РµРЅРёРµ: 
[None] РЎРѕРѕР±С‰РµРЅРёРµ: 
[None] РЎРѕРѕР±С‰РµРЅРёРµ: 
[None] РЎРѕРѕР±С‰РµРЅРёРµ: 
[None] РЎРѕРѕР±С‰РµРЅРёРµ: 
[None] РЎРѕРѕР±С‰РµРЅРёРµ: 
[None] РЎРѕРѕР±С‰РµРЅРёРµ: 
[None] РЎРѕРѕР±С‰РµРЅРёРµ: 
[None] РЎРѕРѕР±С‰РµРЅРёРµ: 
[None] РЎРѕРѕР±С‰РµРЅРёРµ: 
[None] РЎРѕРѕР±С‰РµРЅРёРµ: 
[None] РЎРѕРѕР±С‰РµРЅРёРµ: 
[None] РЎРѕРѕР±С‰РµРЅРёРµ: 
[None] РЎРѕРѕР±С‰РµРЅРёРµ: 
[None] РЎРѕРѕР±С‰РµРЅРёРµ: 
[None] РЎРѕРѕР±С‰РµРЅРёРµ: 
[None] РЎРѕРѕР±С‰РµРЅРёРµ: 
[None] РЎРѕРѕР±С‰РµРЅРёРµ: 
[None] РЎРѕРѕР±С‰РµРЅРёРµ: 
[None] РЎРѕРѕР±С‰РµРЅРёРµ: 
[None] РЎРѕРѕР±С‰РµРЅРёРµ: 
[None] РЎРѕРѕР±С‰РµРЅРёРµ: 
[None] РЎРѕРѕР±С‰РµРЅРёРµ: 
[None] РЎРѕРѕР±С‰РµРЅРёРµ: 
[None] РЎРѕРѕР±С‰РµРЅРёРµ: 
[None] РЎРѕРѕР±С‰РµРЅРёРµ: 
[None] РЎРѕРѕР±С‰РµРЅРёРµ: 
[None] РЎРѕРѕР±С‰РµРЅРёРµ: 
[None] РЎРѕРѕР±С‰РµРЅРёРµ: 
[None] РЎРѕРѕР±С‰РµРЅРёРµ: 
[None] РЎРѕРѕР±С‰РµРЅРёРµ: 
[None] РЎРѕРѕР±С‰РµРЅРёРµ: 
[None] РЎРѕРѕР±С‰РµРЅРёРµ: 
РЎРѕРѕР±С‰РµРЅРёРµ: 
False
РЎРѕРѕР±С‰РµРЅРёРµ: РЈРґР°СЂ РїРѕ РїРµСЂСЃСѓ25, 17.5
[<fight.Fight object at 0x7e2a04d8fd40>] РЎРѕРѕР±С‰РµРЅРёРµ: РЈРґР°СЂ РїРѕ РїРµСЂСЃСѓ25, 17.5
True
РЎРѕРѕР±С‰РµРЅРёРµ: 
False
РЎРѕРѕР±С‰РµРЅРёРµ: РЈРґР°СЂ РїРѕ РїРµСЂСЃСѓ5.5, -5.0
[<fight.Fight object at 0x7e2a04d8fd40>] РЎРѕРѕР±С‰РµРЅРёРµ: РЈРґР°СЂ РїРѕ РїРµСЂСЃСѓ5.5, -5.0
True
[] РЎРѕРѕР±С‰РµРЅРёРµ: 
[None, None, None] РЎРѕРѕР±С‰РµРЅРёРµ: 
[None, None, None] РЎРѕРѕР±С‰РµРЅРёРµ: 
[None, None, None] РЎРѕРѕР±С‰РµРЅРёРµ: 
[None, None, None] РЎРѕРѕР±С‰РµРЅРёРµ: 
[None, None, None] РЎРѕРѕР±С‰РµРЅРёРµ: 
[None, None, None] РЎРѕРѕР±С‰РµРЅРёРµ: 
[None, None, None] РЎРѕРѕР±С‰РµРЅРёРµ: 
[None, None, None] РЎРѕРѕР±С‰РµРЅРёРµ: 
[None, None, None] РЎРѕРѕР±С‰РµРЅРёРµ: 
[None, None, None] РЎРѕРѕР±С‰РµРЅРёРµ: 
[None, None, None] РЎРѕРѕР±С‰РµРЅРёРµ: 
[None, None, None] РЎРѕРѕР±С‰РµРЅРёРµ: 
[None, None, None] РЎРѕРѕР±С‰РµРЅРёРµ: 
[None, None, None] РЎРѕРѕР±С‰РµРЅРёРµ: 
[None, None, None] РЎРѕРѕР±С‰РµРЅРёРµ: 
[None, None, None] РЎРѕРѕР±С‰РµРЅРёРµ: 
[None, None, None] РЎРѕРѕР±С‰РµРЅРёРµ: 
[None, None, None] РЎРѕРѕР±С‰РµРЅРёРµ: 
[None, None, None] РЎРѕРѕР±С‰РµРЅРёРµ: 
РЎРѕРѕР±С‰РµРЅРёРµ: 
False
РЎРѕРѕР±С‰РµРЅРёРµ: РЈРґР°СЂ РїРѕ РїРµСЂСЃСѓ150, 17.5
[<fight.Fight object at 0x7bfc585b9eb0>, None, None] РЎРѕРѕР±С‰РµРЅРёРµ: РЈРґР°СЂ РїРѕ РїРµСЂСЃСѓ150, 17.5
True
РЎРѕРѕР±С‰РµРЅРёРµ: 
False
РЎРѕРѕР±С‰РµРЅРёРµ: РЈРґР°СЂ РїРѕ РїРµСЂСЃСѓ130.5, -5.0
[<fight.Fight object at 0x7bfc585b9eb0>, None, None] РЎРѕРѕР±С‰РµРЅРёРµ: РЈРґР°СЂ РїРѕ РїРµСЂСЃСѓ130.5, -5.0
True
РЎРѕРѕР±С‰РµРЅРёРµ: 
False
РЎРѕРѕР±С‰РµРЅРёРµ: РЈРґР°СЂ РїРѕ РїРµСЂСЃСѓ111.0, -27.5
[<fight.Fight object at 0x7bfc585b9eb0>, None, None] РЎРѕРѕР±С‰РµРЅРёРµ: РЈРґР°СЂ РїРѕ РїРµСЂСЃСѓ111.0, -27.5
True
РЎРѕРѕР±С‰РµРЅРёРµ: 
False
РЎРѕРѕР±С‰РµРЅРёРµ: РЈРґР°СЂ РїРѕ РїРµСЂСЃСѓ91.5, -50.0
[<fight.Fight object at 0x7bfc585b9eb0>, None, None] РЎРѕРѕР±С‰РµРЅРёРµ: РЈРґР°СЂ РїРѕ РїРµСЂСЃСѓ91.5, -50.0
True
РЎРѕРѕР±С‰РµРЅРёРµ: 
False
РЎРѕРѕР±С‰РµРЅРёРµ: РЈРґР°СЂ РїРѕ РїРµСЂСЃСѓ72.0, -72.5
[<fight.Fight object at 0x7bfc585b9eb0>, None, None] РЎРѕРѕР±С‰РµРЅРёРµ: РЈРґР°СЂ РїРѕ РїРµСЂСЃСѓ72.0, -72.5
True
РЎРѕРѕР±С‰РµРЅРёРµ: 
False
РЎРѕРѕР±С‰РµРЅРёРµ: РЈРґР°СЂ РїРѕ РїРµСЂСЃСѓ52.5, -95.0
[<fight.Fight object at 0x7bfc585b9eb0>, None, None] РЎРѕРѕР±С‰РµРЅРёРµ: РЈРґР°СЂ РїРѕ РїРµСЂСЃСѓ52.5, -95.0
True
РЎРѕРѕР±С‰РµРЅРёРµ: 
False
РЎРѕРѕР±С‰РµРЅРёРµ: РЈРґР°СЂ РїРѕ РїРµСЂСЃСѓ33.0, -117.5
[<fight.Fight object at 0x7bfc585b9eb0>, None, None] РЎРѕРѕР±С‰РµРЅРёРµ: РЈРґР°СЂ РїРѕ РїРµСЂСЃСѓ33.0, -117.5
True
РЎРѕРѕР±С‰РµРЅРёРµ: 
False
РЎРѕРѕР±С‰РµРЅРёРµ: РЈРґР°СЂ РїРѕ РїРµСЂСЃСѓ13.5, -140.0
[<fight.Fight object at 0x7bfc585b9eb0>, None, None] РЎРѕРѕР±С‰РµРЅРёРµ: РЈРґР°СЂ РїРѕ РїРµСЂСЃСѓ13.5, -140.0
True
[None, None] РЎРѕРѕР±С‰РµРЅРёРµ: 
[None, None] РЎРѕРѕР±С‰РµРЅРёРµ: 
[None, None] РЎРѕРѕР±С‰РµРЅРёРµ: 
[None, None] РЎРѕРѕР±С‰РµРЅРёРµ: 
[None, None] РЎРѕРѕР±С‰РµРЅРёРµ: 
[None, None] РЎРѕРѕР±С‰РµРЅРёРµ: 
[None, None] РЎРѕРѕР±С‰РµРЅРёРµ: 
[None, None] РЎРѕРѕР±С‰РµРЅРёРµ: 
[None, None] РЎРѕРѕР±С‰РµРЅРёРµ: 
[None, None] РЎРѕРѕР±С‰РµРЅРёРµ: 
[None, None] РЎРѕРѕР±С‰РµРЅРёРµ: 
[None, None] РЎРѕРѕР±С‰РµРЅРёРµ: 
[None, None] РЎРѕРѕР±С‰РµРЅРёРµ: 
[None, None] РЎРѕРѕР±С‰РµРЅРёРµ: 
[None, None] РЎРѕРѕР±С‰РµРЅРёРµ: 
[None, None] РЎРѕРѕР±С‰РµРЅРёРµ: 
[None, None] РЎРѕРѕР±С‰РµРЅРёРµ: 
[None, None] РЎРѕРѕР±С‰РµРЅРёРµ: 
[None, None] РЎРѕРѕР±С‰РµРЅРёРµ: 
[None, None] РЎРѕРѕР±С‰РµРЅРёРµ: 
[None, None] РЎРѕРѕР±С‰РµРЅРёРµ: 
[None, None] РЎРѕРѕР±С‰РµРЅРёРµ: 
[None, None] РЎРѕРѕР±С‰РµРЅРёРµ: 
[None, None] РЎРѕРѕР±С‰РµРЅРёРµ: 
[None, None] РЎРѕРѕР±С‰РµРЅРёРµ: 
[None, None] РЎРѕРѕР±С‰РµРЅРёРµ: 
[None, None] РЎРѕРѕР±С‰РµРЅРёРµ: 
[None, None] РЎРѕРѕР±С‰РµРЅРёРµ: 
[None, None] РЎРѕРѕР±С‰РµРЅРёРµ: 
[None, None] РЎРѕРѕР±С‰РµРЅРёРµ: 
[None, None] РЎРѕРѕР±С‰РµРЅРёРµ: 
[None, None] РЎРѕРѕР±С‰РµРЅРёРµ: 
[None, None] РЎРѕРѕР±С‰РµРЅРёРµ: 
[None, None] РЎРѕРѕР±С‰РµРЅРёРµ: 
[None, None] РЎРѕРѕР±С‰РµРЅРёРµ: 
[None, None] РЎРѕРѕР±С‰РµРЅРёРµ: 
[None, None] РЎРѕРѕР±С‰РµРЅРёРµ: 
[None, None] РЎРѕРѕР±С‰РµРЅРёРµ: 
[None, None] РЎРѕРѕР±С‰РµРЅРёРµ: 
[None, None] РЎРѕРѕР±С‰РµРЅРёРµ: 
[None, None] РЎРѕРѕР±С‰РµРЅРёРµ: 
[None, None] РЎРѕРѕР±С‰РµРЅРёРµ: 
[None, None] РЎРѕРѕР±С‰РµРЅРёРµ: 
[None, None] РЎРѕРѕР±С‰РµРЅРёРµ: 
[None, None] РЎРѕРѕР±С‰РµРЅРёРµ: 
[None, None] РЎРѕРѕР±С‰РµРЅРёРµ: 
[None, None] РЎРѕРѕР±С‰РµРЅРёРµ: 
[None, None] РЎРѕРѕР±С‰РµРЅРёРµ: 
[None, None] РЎРѕРѕР±С‰РµРЅРёРµ: 
[None, None] РЎРѕРѕР±С‰РµРЅРёРµ: 
[None, None] РЎРѕРѕР±С‰РµРЅРёРµ: 
[None, None] РЎРѕРѕР±С‰РµРЅРёРµ: 
[None, None] РЎРѕРѕР±С‰РµРЅРёРµ: 
[None, None] РЎРѕРѕР±С‰РµРЅРёРµ: 
[None, None] РЎРѕРѕР±С‰РµРЅРёРµ: 
[None, None] РЎРѕРѕР±С‰РµРЅРёРµ: 
[None, None] РЎРѕРѕР±С‰РµРЅРёРµ: 
[None, None] РЎРѕРѕР±С‰РµРЅРёРµ: 
[None, None] РЎРѕРѕР±С‰РµРЅРёРµ: 
[None, None] РЎРѕРѕР±С‰РµРЅРёРµ: 
[None, None] РЎРѕРѕР±С‰РµРЅРёРµ: 
[None, None] РЎРѕРѕР±С‰РµРЅРёРµ: 
РЎРѕРѕР±С‰РµРЅРёРµ: 
False
РЎРѕРѕР±С‰РµРЅРёРµ: РЈРґР°СЂ РїРѕ РїРµСЂСЃСѓ150, -162.5
[None, <fight.Fight object at 0x7bfc58960440>] РЎРѕРѕР±С‰РµРЅРёРµ: РЈРґР°СЂ РїРѕ РїРµСЂСЃСѓ150, -162.5
True
РЎРѕРѕР±С‰РµРЅРёРµ: 
False
РЎРѕРѕР±С‰РµРЅРёРµ: РЈРґР°СЂ РїРѕ РїРµСЂСЃСѓ130.5, -185.0
[None, <fight.Fight object at 0x7bfc58960440>] РЎРѕРѕР±С‰РµРЅРёРµ: РЈРґР°СЂ РїРѕ РїРµСЂСЃСѓ130.5, -185.0
True
РЎРѕРѕР±С‰РµРЅРёРµ: 
False
РЎРѕРѕР±С‰РµРЅРёРµ: РЈРґР°СЂ РїРѕ РїРµСЂСЃСѓ111.0, -207.5
[None, <fight.Fight object at 0x7bfc58960440>] РЎРѕРѕР±С‰РµРЅРёРµ: РЈРґР°СЂ РїРѕ РїРµСЂСЃСѓ111.0, -207.5
True
РЎРѕРѕР±С‰РµРЅРёРµ: 
False
РЎРѕРѕР±С‰РµРЅРёРµ: РЈРґР°СЂ РїРѕ РїРµСЂСЃСѓ91.5, -230.0
[None, <fight.Fight object at 0x7bfc58960440>] РЎРѕРѕР±С‰РµРЅРёРµ: РЈРґР°СЂ РїРѕ РїРµСЂСЃСѓ91.5, -230.0
True
РЎРѕРѕР±С‰РµРЅРёРµ: 
False
РЎРѕРѕР±С‰РµРЅРёРµ: РЈРґР°СЂ РїРѕ РїРµСЂСЃСѓ72.0, -252.5
[None, <fight.Fight object at 0x7bfc58960440>] РЎРѕРѕР±С‰РµРЅРёРµ: РЈРґР°СЂ РїРѕ РїРµСЂСЃСѓ72.0, -252.5
True
РЎРѕРѕР±С‰РµРЅРёРµ: 
False
РЎРѕРѕР±С‰РµРЅРёРµ: РЈРґР°СЂ РїРѕ РїРµСЂСЃСѓ52.5, -275.0
[None, <fight.Fight object at 0x7bfc58960440>] РЎРѕРѕР±С‰РµРЅРёРµ: РЈРґР°СЂ РїРѕ РїРµСЂСЃСѓ52.5, -275.0
True
РЎРѕРѕР±С‰РµРЅРёРµ: 
False
РЎРѕРѕР±С‰РµРЅРёРµ: РЈРґР°СЂ РїРѕ РїРµСЂСЃСѓ33.0, -297.5
[None, <fight.Fight object at 0x7bfc58960440>] РЎРѕРѕР±С‰РµРЅРёРµ: РЈРґР°СЂ РїРѕ РїРµСЂСЃСѓ33.0, -297.5
True
РЎРѕРѕР±С‰РµРЅРёРµ: 
False
РЎРѕРѕР±С‰РµРЅРёРµ: РЈРґР°СЂ РїРѕ РїРµСЂСЃСѓ13.5, -320.0
[None, <fight.Fight object at 0x7bfc58960440>] РЎРѕРѕР±С‰РµРЅРёРµ: РЈРґР°СЂ РїРѕ РїРµСЂСЃСѓ13.5, -320.0
True
[None] РЎРѕРѕР±С‰РµРЅРёРµ: 
[None] РЎРѕРѕР±С‰РµРЅРёРµ: 
[None] РЎРѕРѕР±С‰РµРЅРёРµ: 
[None] РЎРѕРѕР±С‰РµРЅРёРµ: 
[None] РЎРѕРѕР±С‰РµРЅРёРµ: 
[None] РЎРѕРѕР±С‰РµРЅРёРµ: 
[None] РЎРѕРѕР±С‰РµРЅРёРµ: 
[None] РЎРѕРѕР±С‰РµРЅРёРµ: 
[None] РЎРѕРѕР±С‰РµРЅРёРµ: 
[None] РЎРѕРѕР±С‰РµРЅРёРµ: 
[None] РЎРѕРѕР±С‰РµРЅРёРµ: 
[None] РЎРѕРѕР±С‰РµРЅРёРµ: 
[None] РЎРѕРѕР±С‰РµРЅРёРµ: 
[None] РЎРѕРѕР±С‰РµРЅРёРµ: 
[None] РЎРѕРѕР±С‰РµРЅРёРµ: 
[None] РЎРѕРѕР±С‰РµРЅРёРµ: 
[None] РЎРѕРѕР±С‰РµРЅРёРµ: 
[None] РЎРѕРѕР±С‰РµРЅРёРµ: 
[None] РЎРѕРѕР±С‰РµРЅРёРµ: 
[None] РЎРѕРѕР±С‰РµРЅРёРµ: 
[None] РЎРѕРѕР±С‰РµРЅРёРµ: 
[None] РЎРѕРѕР±С‰РµРЅРёРµ: 
[None] РЎРѕРѕР±С‰РµРЅРёРµ: 
[None] РЎРѕРѕР±С‰РµРЅРёРµ: 
[None] РЎРѕРѕР±С‰РµРЅРёРµ: 
[None] РЎРѕРѕР±С‰РµРЅРёРµ: 
[None] РЎРѕРѕР±С‰РµРЅРёРµ: 
[None] РЎРѕРѕР±С‰РµРЅРёРµ: 
[None] РЎРѕРѕР±С‰РµРЅРёРµ: 
[None] РЎРѕРѕР±С‰РµРЅРёРµ: 
[None] РЎРѕРѕР±С‰РµРЅРёРµ: 
[None] РЎРѕРѕР±С‰РµРЅРёРµ: 
РЎРѕРѕР±С‰РµРЅРёРµ: 
False
РЎРѕРѕР±С‰РµРЅРёРµ: РЈРґР°СЂ РїРѕ РїРµСЂСЃСѓ150, -342.5
[<fight.Fight object at 0x7bfc585f0680>] РЎРѕРѕР±С‰РµРЅРёРµ: РЈРґР°СЂ РїРѕ РїРµСЂСЃСѓ150, -342.5
True
РЎРѕРѕР±С‰РµРЅРёРµ: 
False
РЎРѕРѕР±С‰РµРЅРёРµ: РЈРґР°СЂ РїРѕ РїРµСЂСЃСѓ130.5, -365.0
[<fight.Fight object at 0x7bfc585f0680>] РЎРѕРѕР±С‰РµРЅРёРµ: РЈРґР°СЂ РїРѕ РїРµСЂСЃСѓ130.5, -365.0
True
РЎРѕРѕР±С‰РµРЅРёРµ: 
False
РЎРѕРѕР±С‰РµРЅРёРµ: РЈРґР°СЂ РїРѕ РїРµСЂСЃСѓ111.0, -387.5
[<fight.Fight object at 0x7bfc585f0680>] РЎРѕРѕР±С‰РµРЅРёРµ: РЈРґР°СЂ РїРѕ РїРµСЂСЃСѓ111.0, -387.5
True
РЎРѕРѕР±С‰РµРЅРёРµ: 
False
РЎРѕРѕР±С‰РµРЅРёРµ: РЈРґР°СЂ РїРѕ РїРµСЂСЃСѓ91.5, -410.0
[<fight.Fight object at 0x7bfc585f0680>] РЎРѕРѕР±С‰РµРЅРёРµ: РЈРґР°СЂ РїРѕ РїРµСЂСЃСѓ91.5, -410.0
True
РЎРѕРѕР±С‰РµРЅРёРµ: 
False
РЎРѕРѕР±С‰РµРЅРёРµ: РЈРґР°СЂ РїРѕ РїРµСЂСЃСѓ72.0, -432.5
[<fight.Fight object at 0x7bfc585f0680>] РЎРѕРѕР±С‰РµРЅРёРµ: РЈРґР°СЂ РїРѕ РїРµСЂСЃСѓ72.0, -432.5
True
РЎРѕРѕР±С‰РµРЅРёРµ: 
False
РЎРѕРѕР±С‰РµРЅРёРµ: РЈРґР°СЂ РїРѕ РїРµСЂСЃСѓ52.5, -455.0
[<fight.Fight object at 0x7bfc585f0680>] РЎРѕРѕР±С‰РµРЅРёРµ: РЈРґР°СЂ РїРѕ РїРµСЂСЃСѓ52.5, -455.0
True
РЎРѕРѕР±С‰РµРЅРёРµ: 
False
РЎРѕРѕР±С‰РµРЅРёРµ: РЈРґР°СЂ РїРѕ РїРµСЂСЃСѓ33.0, -477.5
[<fight.Fight object at 0x7bfc585f0680>] РЎРѕРѕР±С‰РµРЅРёРµ: РЈРґР°СЂ РїРѕ РїРµСЂСЃСѓ33.0, -477.5
True
РЎРѕРѕР±С‰РµРЅРёРµ: 
False
РЎРѕРѕР±С‰РµРЅРёРµ: РЈРґР°СЂ РїРѕ РїРµСЂСЃСѓ13.5, -500.0
[<fight.Fight object at 0x7bfc585f0680>] РЎРѕРѕР±С‰РµРЅРёРµ: РЈРґР°СЂ РїРѕ РїРµСЂСЃСѓ13.5, -500.0
True
[] РЎРѕРѕР±С‰РµРЅРёРµ: 
[None, None, None] Сообщение: 
[None, None, None] Сообщение: 
[None, None, None] Сообщение: 
[None, None, None] Сообщение: 
[None, None, None] Сообщение: 
[None, None, None] Сообщение: 
[None, None, None] Сообщение: 
[None, None, None] Сообщение: 
[None, None, None] Сообщение: 
[None, None, None] Сообщение: 
[None, None, None] Сообщение: 
[None, None, None] Сообщение: 
[None, None, None] Сообщение: 
[None, None, None] Сообщение: 
[None, None, None] Сообщение: 
[None, None, None] Сообщение: 
[None, None, None] Сообщение: 
[None, None, None] Сообщение: 
[None, None, None] Сообщение: 
[None, None, None] Сообщение: 
[None, None, None] Сообщение: 
[None, None, None] Сообщение: 
[None, None, None] Сообщение: 
[None, None, None] Сообщение: 
[None, None, None] Сообщение: 
[None, None, None] Сообщение: 
[None, None, None] Сообщение: 
[None, None, None] Сообщение: 
[None, None, None] Сообщение: 
[None, None, None] Сообщение: 
[None, None, None] Сообщение: 
[None, None, None] Сообщение: 
[None, None, None] Сообщение: 
[None, None, None] Сообщение: 
[None, None, None] Сообщение: 
[None, None, None] Сообщение: 
[None, None, None] Сообщение: 
[None, None, None] Сообщение: 
[None, None, None] Сообщение: 
[None, None, None] Сообщение: 
[None, None, None] Сообщение: 
[None, None, None] Сообщение: 
[None, None, None] Сообщение: 
[None, None, None] Сообщение: 
[None, None, None] Сообщение: 
[None, None, None] Сообщение: 
[None, None, None] Сообщение: 
[None, None, None] Сообщение: 
[None, None, None] Сообщение: 
[None, None, None] Сообщение: 
[None, None, None] Сообщение: 
[None, None, None] Сообщение: 
[None, None, None] Сообщение: 
[None, None, None] Сообщение: 
[None, None, None] Сообщение: 
[None, None, None] Сообщение: 
[None, None, None] Сообщение: 
[None, None, None] Сообщение: 
[None, None, None] Сообщение: 
[None, None, None] Сообщение: 
Сообщение: 
False
Сообщение: Удар по персу25, 17.5
[None, <fight.Fight object at 0x00000294606CA010>, None] Сообщение: Удар по персу25, 17.5
Сообщение: 
True
Сообщение: Удар по монстру5.5, 17.5
[None, <fight.Fight object at 0x00000294606CA010>, None] Сообщение: Удар по монстру5.5, 17.5
Сообщение: 
False
Сообщение: Удар по персу5.5, -5.0
[None, <fight.Fight object at 0x00000294606CA010>, None] Сообщение: Удар по персу5.5, -5.0
Сообщение: 
True
Сообщение: Победа-14.0, -5.0
[None, <fight.Fight object at 0x00000294606CA010>, None] Сообщение: Победа-14.0, -5.0
[None, None] Сообщение: 
[None, None] Сообщение: 
[None, None] Сообщение: 
[None, None] Сообщение: 
[None, None] Сообщение: 
[None, None] Сообщение: 
[None, None] Сообщение: 
[None, None] Сообщение: 
[None, None] Сообщение: 
[None, None] Сообщение: 
[None, None] Сообщение: 
[None, None] Сообщение: 
[None, None] Сообщение: 
[None, None] Сообщение: 
[None, None] Сообщение: 
[None, None] Сообщение: 
[None, None] Сообщение: 
[None, None] Сообщение: 
[None, None] Сообщение: 
[None, None] Сообщение: 
[None, None] Сообщение: 
[None, None] Сообщение: 
[None, None] Сообщение: 
[None, None] Сообщение: 
[None, None] Сообщение: 
[None, None] Сообщение: 
[None, None] Сообщение: 
[None, None] Сообщение: 
[None, None] Сообщение: 
[None, None] Сообщение: 
[None, None] Сообщение: 
[None, None] Сообщение: 
[None, None] Сообщение: 
[None, None] Сообщение: 
[None, None] Сообщение: 
[None, None] Сообщение: 
[None, None] Сообщение: 
[None, None] Сообщение: 
[None, None] Сообщение: 
[None, None] Сообщение: 
[None, None] Сообщение: 
[None, None] Сообщение: 
[None, None] Сообщение: 
[None, None] Сообщение: 
[None, None] Сообщение: 
[None, None] Сообщение: 
[None, None] Сообщение: 
[None, None] Сообщение: 
[None, None] Сообщение: 
[None, None] Сообщение: 
[None, None] Сообщение: 
[None, None] Сообщение: 
[None, None] Сообщение: 
[None, None] Сообщение: 
[None, None] Сообщение: 
[None, None] Сообщение: 
[None, None] Сообщение: 
[None, None] Сообщение: 
[None, None] Сообщение: 
[None, None] Сообщение: 
[None, None] Сообщение: 
[None, None] Сообщение: 
[None, None] Сообщение: 
[None, None] Сообщение: 
[None, None] Сообщение: 
[None, None] Сообщение: 
[None, None] Сообщение: 
[None, None] Сообщение: 
[None, None] Сообщение: 
[None, None] Сообщение: 
[None, None] Сообщение: 
[None, None] Сообщение: 
[None, None] Сообщение: 
[None, None] Сообщение: 
[None, None] Сообщение: 
[None, None] Сообщение: 
[None, None] Сообщение: 
[None, None] Сообщение: 
[None, None] Сообщение: 
[None, None] Сообщение: 
[None, None] Сообщение: 
[None, None] Сообщение: 
[None, None] Сообщение: 
[None, None] Сообщение: 
[None, None] Сообщение: 
[None, None] Сообщение: 
[None, None] Сообщение: 
[None, None] Сообщение: 
[None, None] Сообщение: 
[None, None] Сообщение: 
[None, None] Сообщение: 
[None, None] Сообщение: 
[None, None] Сообщение: 
[None, None] Сообщение: 
[None, None] Сообщение: 
[None, None] Сообщение: 
False
True
False
True
False
True
False
True
False
True
False
True
False
True
True
False
True
False
True
False
True
False
True
False
True
False
True
False
True
False
True
False
True
False
True
False
True
False
True
False
True
False
True
False
True
True
False
True
False
True
True
False
True
False
True
False
True
False
True
False
True
False
True
False
True
False
True
False
True
False
True
False
True
False
True
False
True
False
False
True
True
False
False
True
True
False
False
True
True
False
False
True
True
False
False
True
True
False
False
True
True
False
False
True
True
False
False
True
True
True
False
True
False
True
False
True
False
True
False
True
False
True
False
True
False
True
False
True
False
True
False
True
False
True
False
True
False
True
False
True
False
True
False
True
False
True
False
True
False
True
False
True
False
True
False
True
False
True
False
True
False
True
False
True
True
False
True
False
True
False
True
False
True
False
True
False
True
False
True
False
True
False
True
False
True
False
True
False
True
False
True
False
True
False
True
False
True
False
True
False
True
False
True
False
True
False
True
False
True
False
True
False
True
False
True
False
True
False
True
False
True
